Mar 04 2022 12:11:57
{"type":8192,"message":"Optional parameter $depth declared before required parameter $output is implicitly treated as a required parameter","file":"D:\\xampp\\htdocs\\myself\\wp-content\\themes\\avo\\inc\\class\\menu-walker.php","line":198}

Mar 04 2022 12:11:58
{"type":8192,"message":"Optional parameter $depth declared before required parameter $output is implicitly treated as a required parameter","file":"D:\\xampp\\htdocs\\myself\\wp-content\\themes\\avo\\inc\\class\\menu-walker.php","line":198}

Mar 04 2022 12:12:01
{"type":8192,"message":"Optional parameter $depth declared before required parameter $output is implicitly treated as a required parameter","file":"D:\\xampp\\htdocs\\myself\\wp-content\\themes\\avo\\inc\\class\\menu-walker.php","line":198}

Mar 04 2022 12:12:01
{"type":8192,"message":"Optional parameter $depth declared before required parameter $output is implicitly treated as a required parameter","file":"D:\\xampp\\htdocs\\myself\\wp-content\\themes\\avo\\inc\\class\\menu-walker.php","line":198}

Mar 04 2022 12:12:10
{"type":8192,"message":"Optional parameter $depth declared before required parameter $output is implicitly treated as a required parameter","file":"D:\\xampp\\htdocs\\myself\\wp-content\\themes\\avo\\inc\\class\\menu-walker.php","line":198}

Mar 04 2022 12:12:14
{"Number":8192,"Message":"Return type of ActionScheduler_DateTime::setTimezone($timezone) should either be compatible with DateTime::setTimezone(DateTimeZone $timezone): DateTime, or the #[\\ReturnTypeWillChange] attribute should be used to temporarily suppress the notice","File":"D:\\xampp\\htdocs\\myself\\wp-content\\plugins\\woocommerce\\packages\\action-scheduler\\classes\\ActionScheduler_DateTime.php","Line":60}

Mar 04 2022 12:12:14
{"Number":8192,"Message":"Return type of ActionScheduler_DateTime::getOffset() should either be compatible with DateTime::getOffset(): int, or the #[\\ReturnTypeWillChange] attribute should be used to temporarily suppress the notice","File":"D:\\xampp\\htdocs\\myself\\wp-content\\plugins\\woocommerce\\packages\\action-scheduler\\classes\\ActionScheduler_DateTime.php","Line":48}

Mar 04 2022 12:12:14
{"Number":8192,"Message":"Return type of ActionScheduler_DateTime::getTimestamp() should either be compatible with DateTime::getTimestamp(): int, or the #[\\ReturnTypeWillChange] attribute should be used to temporarily suppress the notice","File":"D:\\xampp\\htdocs\\myself\\wp-content\\plugins\\woocommerce\\packages\\action-scheduler\\classes\\ActionScheduler_DateTime.php","Line":27}

Mar 04 2022 12:12:14
{"Number":8192,"Message":"DateTime::__construct(): Passing null to parameter #1 ($datetime) of type string is deprecated","File":"D:\\xampp\\htdocs\\myself\\wp-content\\plugins\\woocommerce\\packages\\action-scheduler\\functions.php","Line":316}

Mar 04 2022 12:12:14
{"type":8192,"message":"preg_replace(): Passing null to parameter #3 ($subject) of type array|string is deprecated","file":"D:\\xampp\\htdocs\\myself\\wp-includes\\formatting.php","line":5373}

Mar 04 2022 12:12:15
{"Number":8192,"Message":"Return type of ActionScheduler_DateTime::setTimezone($timezone) should either be compatible with DateTime::setTimezone(DateTimeZone $timezone): DateTime, or the #[\\ReturnTypeWillChange] attribute should be used to temporarily suppress the notice","File":"D:\\xampp\\htdocs\\myself\\wp-content\\plugins\\woocommerce\\packages\\action-scheduler\\classes\\ActionScheduler_DateTime.php","Line":60}

Mar 04 2022 12:12:15
{"Number":8192,"Message":"Return type of ActionScheduler_DateTime::getOffset() should either be compatible with DateTime::getOffset(): int, or the #[\\ReturnTypeWillChange] attribute should be used to temporarily suppress the notice","File":"D:\\xampp\\htdocs\\myself\\wp-content\\plugins\\woocommerce\\packages\\action-scheduler\\classes\\ActionScheduler_DateTime.php","Line":48}

Mar 04 2022 12:12:15
{"Number":8192,"Message":"Return type of ActionScheduler_DateTime::getTimestamp() should either be compatible with DateTime::getTimestamp(): int, or the #[\\ReturnTypeWillChange] attribute should be used to temporarily suppress the notice","File":"D:\\xampp\\htdocs\\myself\\wp-content\\plugins\\woocommerce\\packages\\action-scheduler\\classes\\ActionScheduler_DateTime.php","Line":27}

Mar 04 2022 12:12:15
{"Number":8192,"Message":"DateTime::__construct(): Passing null to parameter #1 ($datetime) of type string is deprecated","File":"D:\\xampp\\htdocs\\myself\\wp-content\\plugins\\woocommerce\\packages\\action-scheduler\\functions.php","Line":316}

Mar 04 2022 12:12:15
{"type":8192,"message":"Return type of Requests_Utility_CaseInsensitiveDictionary::getIterator() should either be compatible with IteratorAggregate::getIterator(): Traversable, or the #[\\ReturnTypeWillChange] attribute should be used to temporarily suppress the notice","file":"D:\\xampp\\htdocs\\myself\\wp-includes\\Requests\\Utility\\CaseInsensitiveDictionary.php","line":91}

